<?xml version="1.0" encoding="UTF-8"?>
<!-- Generated by org.testng.reporters.JUnitReportReporter -->
<testsuite skipped="0" hostname="DESKTOP-O82LSA4" name="TestApplication.smallCase" tests="4" failures="0" timestamp="2020-09-19T18:40:18 IST" time="86.692" errors="0">
  <testcase name="LaunchHome" time="21.543" classname="TestApplication.smallCase"/>
  <system-out/>
  <testcase name="setEnvGetid" time="10.769" classname="TestApplication.smallCase"/>
  <system-out/>
  <testcase name="sst" time="23.127" classname="TestApplication.smallCase"/>
  <system-out/>
  <testcase name="webPage" time="31.253" classname="TestApplication.smallCase"/>
  <system-out/>
</testsuite> <!-- TestApplication.smallCase -->
